2021-02-12 07:30:43.132 - INFO - 5744 - azureml.train.automl._azureautomlclient.modify_run_configuration:199 - Package azureml-train-automl missing from dependencies file.
2021-02-12 07:30:43.132 - INFO - 5744 - azureml.train.automl._azureautomlclient.modify_run_configuration:205 - Using pinned version: azureml-train-automl==1.20.0.*
2021-02-12 07:30:43.133 - INFO - 5744 - azureml.train.automl._azureautomlclient.modify_run_configuration:199 - Package pandas missing from dependencies file.
2021-02-12 07:30:43.134 - INFO - 5744 - azureml.train.automl._azureautomlclient.modify_run_configuration:205 - Using pinned version: pandas==0.25.1
2021-02-12 07:30:43.134 - INFO - 5744 - azureml.train.automl._azureautomlclient.modify_run_configuration:199 - Package psutil missing from dependencies file.
2021-02-12 07:30:43.134 - INFO - 5744 - azureml.train.automl._azureautomlclient.modify_run_configuration:205 - Using pinned version: psutil>5.0.0,<6.0.0
2021-02-12 07:30:43.134 - INFO - 5744 - azureml.train.automl._azureautomlclient.modify_run_configuration:199 - Package scikit-learn missing from dependencies file.
2021-02-12 07:30:43.135 - INFO - 5744 - azureml.train.automl._azureautomlclient.modify_run_configuration:205 - Using pinned version: scikit-learn==0.22.1
2021-02-12 07:30:43.135 - INFO - 5744 - azureml.train.automl._azureautomlclient.modify_run_configuration:199 - Package numpy missing from dependencies file.
2021-02-12 07:30:43.135 - INFO - 5744 - azureml.train.automl._azureautomlclient.modify_run_configuration:205 - Using pinned version: numpy~=1.18.0
2021-02-12 07:30:43.136 - INFO - 5744 - azureml.train.automl._azureautomlclient.modify_run_configuration:199 - Package py-xgboost missing from dependencies file.
2021-02-12 07:30:43.138 - INFO - 5744 - azureml.train.automl._azureautomlclient.modify_run_configuration:205 - Using pinned version: py-xgboost<=0.90
2021-02-12 07:30:43.148 - INFO - 5744 - azureml.train.automl._azureautomlclient.modify_run_configuration:199 - Package inference-schema missing from dependencies file.
2021-02-12 07:30:43.148 - INFO - 5744 - azureml.train.automl._azureautomlclient.modify_run_configuration:199 - Package fbprophet missing from dependencies file.
2021-02-12 07:30:43.149 - INFO - 5744 - azureml.train.automl._azureautomlclient.modify_run_configuration:205 - Using pinned version: fbprophet==0.5
2021-02-12 07:30:43.149 - INFO - 5744 - azureml.train.automl._azureautomlclient.modify_run_configuration:199 - Package setuptools-git missing from dependencies file.
2021-02-12 07:30:43.150 - INFO - 5744 - azureml.train.automl._azureautomlclient.modify_run_configuration:209 - Using installed version: setuptools-git==1.2
2021-02-12 07:30:43.156 - INFO - 5744 - azureml.train.automl._azureautomlclient._validate_input:664 - Start data validation.
2021-02-12 07:30:44.209 - INFO - 5744 - azureml.train.automl._azureautomlclient._validate_input:677 - Validation service found the data has no errors.
2021-02-12 07:30:44.210 - INFO - 5744 - azureml.train.automl._azureautomlclient._create_parent_run_for_remote:542 - Start creating parent run.
2021-02-12 07:30:44.489 - INFO - 5744 - azureml.train.automl._azureautomlclient._create_parent_run_for_remote:562 - [ParentRunID:AutoML_90926142-d8d8-4f9d-a593-3d5fff6a318c] Remote run using input X and y.
2021-02-12 07:30:44.917 - INFO - 5744 - azureml.train.automl._azureautomlclient._create_parent_run_for_remote:575 - Parent Run ID: AutoML_90926142-d8d8-4f9d-a593-3d5fff6a318c
2021-02-12 07:30:44.918 - INFO - 5744 - azureml.train.automl._azureautomlclient._fit_remote_core:503 - Starting a snapshot run (snapshot_id : None)
